[2026-02-15T07:05:02.636+0000] {local_task_job_runner.py:120} INFO - ::group::Pre task execution logs
[2026-02-15T07:05:02.670+0000] {taskinstance.py:2076} INFO - Dependencies all met for dep_context=non-requeueable deps ti=<TaskInstance: my_first_dag.task_1 scheduled__2026-02-14T00:00:00+00:00 [queued]>
[2026-02-15T07:05:02.680+0000] {taskinstance.py:2076} INFO - Dependencies all met for dep_context=requeueable deps ti=<TaskInstance: my_first_dag.task_1 scheduled__2026-02-14T00:00:00+00:00 [queued]>
[2026-02-15T07:05:02.682+0000] {taskinstance.py:2306} INFO - Starting attempt 1 of 1
[2026-02-15T07:05:02.697+0000] {taskinstance.py:2330} INFO - Executing <Task(PythonOperator): task_1> on 2026-02-14 00:00:00+00:00
[2026-02-15T07:05:02.714+0000] {logging_mixin.py:188} WARNING - /home/***/.local/lib/python3.12/site-packages/***/task/task_runner/standard_task_runner.py:62 DeprecationWarning: This process (pid=10769) is multi-threaded, use of fork() may lead to deadlocks in the child.
[2026-02-15T07:05:02.716+0000] {standard_task_runner.py:64} INFO - Started process 10791 to run task
[2026-02-15T07:05:02.714+0000] {standard_task_runner.py:90} INFO - Running: ['***', 'tasks', 'run', 'my_first_dag', 'task_1', 'scheduled__2026-02-14T00:00:00+00:00', '--job-id', '100', '--raw', '--subdir', 'DAGS_FOLDER/first_dag.py', '--cfg-path', '/tmp/tmpi6qcb0kj']
[2026-02-15T07:05:02.717+0000] {standard_task_runner.py:91} INFO - Job 100: Subtask task_1
[2026-02-15T07:05:02.793+0000] {task_command.py:426} INFO - Running <TaskInstance: my_first_dag.task_1 scheduled__2026-02-14T00:00:00+00:00 [running]> on host 50f0b91de738
[2026-02-15T07:05:02.889+0000] {taskinstance.py:2648} INFO - Exporting env vars: AIRFLOW_CTX_DAG_OWNER='***' AIRFLOW_CTX_DAG_ID='my_first_dag' AIRFLOW_CTX_TASK_ID='task_1' AIRFLOW_CTX_EXECUTION_DATE='2026-02-14T00:00:00+00:00' AIRFLOW_CTX_TRY_NUMBER='1' AIRFLOW_CTX_DAG_RUN_ID='scheduled__2026-02-14T00:00:00+00:00'
[2026-02-15T07:05:02.890+0000] {taskinstance.py:430} INFO - ::endgroup::
[2026-02-15T07:05:02.902+0000] {logging_mixin.py:188} WARNING - /opt/***/dags/first_dag.py:10 FutureWarning: YF.download() has changed argument auto_adjust default to True
[2026-02-15T07:05:02.912+0000] {logging_mixin.py:188} WARNING - /home/***/.local/lib/python3.12/site-packages/yfinance/scrapers/history.py:204 Pandas4Warning: Timestamp.utcnow is deprecated and will be removed in a future version. Use Timestamp.now('UTC') instead.
[2026-02-15T07:05:03.049+0000] {logging_mixin.py:188} WARNING - [*********************100%***********************]  1 of 1 completed
[2026-02-15T07:05:03.049+0000] {multi.py:185} ERROR - 
1 Failed download:
[2026-02-15T07:05:03.050+0000] {multi.py:198} ERROR - ['AAPL']: ConnectionError('Failed to perform, curl: (7) Failed to connect to query1.finance.yahoo.com port 443 after 118 ms: Could not connect to server. See https://curl.se/libcurl/c/libcurl-errors.html first for more details.')
[2026-02-15T07:05:03.111+0000] {logging_mixin.py:188} INFO - Сохранено 0 записей в data.json
[2026-02-15T07:05:03.111+0000] {python.py:237} INFO - Done. Returned value was: data.json
[2026-02-15T07:05:03.112+0000] {taskinstance.py:441} INFO - ::group::Post task execution logs
[2026-02-15T07:05:03.143+0000] {taskinstance.py:1206} INFO - Marking task as SUCCESS. dag_id=my_first_dag, task_id=task_1, run_id=scheduled__2026-02-14T00:00:00+00:00, execution_date=20260214T000000, start_date=20260215T070502, end_date=20260215T070503
[2026-02-15T07:05:03.212+0000] {local_task_job_runner.py:243} INFO - Task exited with return code 0
[2026-02-15T07:05:03.236+0000] {taskinstance.py:3503} INFO - 0 downstream tasks scheduled from follow-on schedule check
[2026-02-15T07:05:03.309+0000] {local_task_job_runner.py:222} INFO - ::endgroup::
