[2026-02-15T08:32:24.156+0000] {local_task_job_runner.py:120} INFO - ::group::Pre task execution logs
[2026-02-15T08:32:24.194+0000] {taskinstance.py:2076} INFO - Dependencies all met for dep_context=non-requeueable deps ti=<TaskInstance: my_first_dag.load_to_postgress manual__2026-02-15T08:11:50.514267+00:00 [queued]>
[2026-02-15T08:32:24.206+0000] {taskinstance.py:2076} INFO - Dependencies all met for dep_context=requeueable deps ti=<TaskInstance: my_first_dag.load_to_postgress manual__2026-02-15T08:11:50.514267+00:00 [queued]>
[2026-02-15T08:32:24.208+0000] {taskinstance.py:2306} INFO - Starting attempt 3 of 3
[2026-02-15T08:32:24.221+0000] {taskinstance.py:2330} INFO - Executing <Task(PythonOperator): load_to_postgress> on 2026-02-15 08:11:50.514267+00:00
[2026-02-15T08:32:24.234+0000] {logging_mixin.py:188} WARNING - /home/***/.local/lib/python3.12/site-packages/***/task/task_runner/standard_task_runner.py:62 DeprecationWarning: This process (pid=15589) is multi-threaded, use of fork() may lead to deadlocks in the child.
[2026-02-15T08:32:24.237+0000] {standard_task_runner.py:64} INFO - Started process 15591 to run task
[2026-02-15T08:32:24.235+0000] {standard_task_runner.py:90} INFO - Running: ['***', 'tasks', 'run', 'my_first_dag', 'load_to_postgress', 'manual__2026-02-15T08:11:50.514267+00:00', '--job-id', '105', '--raw', '--subdir', 'DAGS_FOLDER/first_dag.py', '--cfg-path', '/tmp/tmpq_bxqt0p']
[2026-02-15T08:32:24.239+0000] {standard_task_runner.py:91} INFO - Job 105: Subtask load_to_postgress
[2026-02-15T08:32:24.338+0000] {task_command.py:426} INFO - Running <TaskInstance: my_first_dag.load_to_postgress manual__2026-02-15T08:11:50.514267+00:00 [running]> on host 50f0b91de738
[2026-02-15T08:32:24.453+0000] {taskinstance.py:2648} INFO - Exporting env vars: AIRFLOW_CTX_DAG_OWNER='***' AIRFLOW_CTX_DAG_ID='my_first_dag' AIRFLOW_CTX_TASK_ID='load_to_postgress' AIRFLOW_CTX_EXECUTION_DATE='2026-02-15T08:11:50.514267+00:00' AIRFLOW_CTX_TRY_NUMBER='3' AIRFLOW_CTX_DAG_RUN_ID='manual__2026-02-15T08:11:50.514267+00:00'
[2026-02-15T08:32:24.455+0000] {taskinstance.py:430} INFO - ::endgroup::
[2026-02-15T08:32:24.509+0000] {first_dag.py:35} INFO - ==================================================
[2026-02-15T08:32:24.510+0000] {first_dag.py:36} INFO - ДАННЫЕ ЧЕРЕЗ PANDAS:
[2026-02-15T08:32:24.511+0000] {first_dag.py:37} INFO - Форма dataframe: (20, 7)
[2026-02-15T08:32:24.511+0000] {first_dag.py:38} INFO - Колонки: ["('Date', '')", "('Close', 'AAPL')", "('High', 'AAPL')", "('Low', 'AAPL')", "('Open', 'AAPL')", "('Volume', 'AAPL')", "('Symbol', '')"]
[2026-02-15T08:32:24.535+0000] {first_dag.py:39} INFO - Первые две строки:
          ('Date', '')  ('Close', 'AAPL')  ...  ('Volume', 'AAPL')  ('Symbol', '')
0  2026-01-02T00:00:00         270.756653  ...            37838100            AAPL
1  2026-01-05T00:00:00         267.010162  ...            45647200            AAPL

[2 rows x 7 columns]
[2026-02-15T08:32:24.537+0000] {taskinstance.py:441} INFO - ::group::Post task execution logs
[2026-02-15T08:32:24.537+0000] {taskinstance.py:2905} ERROR - Task failed with exception
Traceback (most recent call last):
  File "/home/airflow/.local/lib/python3.12/site-packages/airflow/models/taskinstance.py", line 465, in _execute_task
    result = _execute_callable(context=context, **execute_callable_kwargs)
             ^^^^^^^^^^^^^^^^^^^^^^^^^^^^^^^^^^^^^^^^^^^^^^^^^^^^^^^^^^^^^
  File "/home/airflow/.local/lib/python3.12/site-packages/airflow/models/taskinstance.py", line 432, in _execute_callable
    return execute_callable(context=context, **execute_callable_kwargs)
           ^^^^^^^^^^^^^^^^^^^^^^^^^^^^^^^^^^^^^^^^^^^^^^^^^^^^^^^^^^^^
  File "/home/airflow/.local/lib/python3.12/site-packages/airflow/models/baseoperator.py", line 401, in wrapper
    return func(self, *args, **kwargs)
           ^^^^^^^^^^^^^^^^^^^^^^^^^^^
  File "/home/airflow/.local/lib/python3.12/site-packages/airflow/operators/python.py", line 235, in execute
    return_value = self.execute_callable()
                   ^^^^^^^^^^^^^^^^^^^^^^^
  File "/home/airflow/.local/lib/python3.12/site-packages/airflow/operators/python.py", line 252, in execute_callable
    return self.python_callable(*self.op_args, **self.op_kwargs)
           ^^^^^^^^^^^^^^^^^^^^^^^^^^^^^^^^^^^^^^^^^^^^^^^^^^^^^
  File "/opt/airflow/dags/first_dag.py", line 40, in load_to_postgres
    logging.info(f"Типы данных:\n{df.types}")
                                  ^^^^^^^^
  File "/home/airflow/.local/lib/python3.12/site-packages/pandas/core/generic.py", line 6206, in __getattr__
    return object.__getattribute__(self, name)
           ^^^^^^^^^^^^^^^^^^^^^^^^^^^^^^^^^^^
AttributeError: 'DataFrame' object has no attribute 'types'. Did you mean: 'dtypes'?
[2026-02-15T08:32:24.565+0000] {taskinstance.py:1206} INFO - Marking task as FAILED. dag_id=my_first_dag, task_id=load_to_postgress, run_id=manual__2026-02-15T08:11:50.514267+00:00, execution_date=20260215T081150, start_date=20260215T083224, end_date=20260215T083224
[2026-02-15T08:32:24.583+0000] {standard_task_runner.py:110} ERROR - Failed to execute job 105 for task load_to_postgress ('DataFrame' object has no attribute 'types'; 15591)
[2026-02-15T08:32:24.614+0000] {local_task_job_runner.py:243} INFO - Task exited with return code 1
[2026-02-15T08:32:24.632+0000] {taskinstance.py:3503} INFO - 0 downstream tasks scheduled from follow-on schedule check
[2026-02-15T08:32:24.636+0000] {local_task_job_runner.py:222} INFO - ::endgroup::
