[2026-02-12T13:35:07.435+0000] {local_task_job_runner.py:120} INFO - ::group::Pre task execution logs
[2026-02-12T13:35:07.471+0000] {taskinstance.py:2076} INFO - Dependencies all met for dep_context=non-requeueable deps ti=<TaskInstance: extract_api.count_files manual__2026-02-12T13:35:04.523217+00:00 [queued]>
[2026-02-12T13:35:07.479+0000] {taskinstance.py:2076} INFO - Dependencies all met for dep_context=requeueable deps ti=<TaskInstance: extract_api.count_files manual__2026-02-12T13:35:04.523217+00:00 [queued]>
[2026-02-12T13:35:07.481+0000] {taskinstance.py:2306} INFO - Starting attempt 1 of 1
[2026-02-12T13:35:07.494+0000] {taskinstance.py:2330} INFO - Executing <Task(BashOperator): count_files> on 2026-02-12 13:35:04.523217+00:00
[2026-02-12T13:35:07.505+0000] {logging_mixin.py:188} WARNING - /home/***/.local/lib/python3.12/site-packages/***/task/task_runner/standard_task_runner.py:62 DeprecationWarning: This process (pid=1725) is multi-threaded, use of fork() may lead to deadlocks in the child.
[2026-02-12T13:35:07.505+0000] {standard_task_runner.py:90} INFO - Running: ['***', 'tasks', 'run', 'extract_api', 'count_files', 'manual__2026-02-12T13:35:04.523217+00:00', '--job-id', '69', '--raw', '--subdir', 'DAGS_FOLDER/extract_api.py', '--cfg-path', '/tmp/tmpav1dd3q1']
[2026-02-12T13:35:07.507+0000] {standard_task_runner.py:64} INFO - Started process 1728 to run task
[2026-02-12T13:35:07.507+0000] {standard_task_runner.py:91} INFO - Job 69: Subtask count_files
[2026-02-12T13:35:07.577+0000] {task_command.py:426} INFO - Running <TaskInstance: extract_api.count_files manual__2026-02-12T13:35:04.523217+00:00 [running]> on host 8460ca753ff4
[2026-02-12T13:35:07.670+0000] {taskinstance.py:2648} INFO - Exporting env vars: AIRFLOW_CTX_DAG_OWNER='***' AIRFLOW_CTX_DAG_ID='extract_api' AIRFLOW_CTX_TASK_ID='count_files' AIRFLOW_CTX_EXECUTION_DATE='2026-02-12T13:35:04.523217+00:00' AIRFLOW_CTX_TRY_NUMBER='1' AIRFLOW_CTX_DAG_RUN_ID='manual__2026-02-12T13:35:04.523217+00:00'
[2026-02-12T13:35:07.671+0000] {taskinstance.py:430} INFO - ::endgroup::
[2026-02-12T13:35:07.682+0000] {subprocess.py:63} INFO - Tmp dir root location: /tmp
[2026-02-12T13:35:07.684+0000] {subprocess.py:75} INFO - Running command: ['/usr/bin/bash', '-c', 'ls -l /opt/***/dags/data/api_data | wc -l']
[2026-02-12T13:35:07.698+0000] {subprocess.py:86} INFO - Output:
[2026-02-12T13:35:07.715+0000] {subprocess.py:93} INFO - 3
[2026-02-12T13:35:07.716+0000] {subprocess.py:97} INFO - Command exited with return code 0
[2026-02-12T13:35:07.717+0000] {taskinstance.py:441} INFO - ::group::Post task execution logs
[2026-02-12T13:35:07.747+0000] {taskinstance.py:1206} INFO - Marking task as SUCCESS. dag_id=extract_api, task_id=count_files, run_id=manual__2026-02-12T13:35:04.523217+00:00, execution_date=20260212T133504, start_date=20260212T133507, end_date=20260212T133507
[2026-02-12T13:35:07.802+0000] {local_task_job_runner.py:243} INFO - Task exited with return code 0
[2026-02-12T13:35:07.825+0000] {taskinstance.py:3503} INFO - 0 downstream tasks scheduled from follow-on schedule check
[2026-02-12T13:35:07.828+0000] {local_task_job_runner.py:222} INFO - ::endgroup::
