[2026-02-11T18:02:47.646+0000] {local_task_job_runner.py:120} INFO - ::group::Pre task execution logs
[2026-02-11T18:02:47.701+0000] {taskinstance.py:2076} INFO - Dependencies all met for dep_context=non-requeueable deps ti=<TaskInstance: hello_world.hello_dag manual__2026-02-11T18:02:46.105709+00:00 [queued]>
[2026-02-11T18:02:47.714+0000] {taskinstance.py:2076} INFO - Dependencies all met for dep_context=requeueable deps ti=<TaskInstance: hello_world.hello_dag manual__2026-02-11T18:02:46.105709+00:00 [queued]>
[2026-02-11T18:02:47.738+0000] {taskinstance.py:2306} INFO - Starting attempt 1 of 2
[2026-02-11T18:02:47.765+0000] {taskinstance.py:2330} INFO - Executing <Task(BashOperator): hello_dag> on 2026-02-11 18:02:46.105709+00:00
[2026-02-11T18:02:47.783+0000] {logging_mixin.py:188} WARNING - /home/***/.local/lib/python3.12/site-packages/***/task/task_runner/standard_task_runner.py:62 DeprecationWarning: This process (pid=355) is multi-threaded, use of fork() may lead to deadlocks in the child.
[2026-02-11T18:02:47.782+0000] {standard_task_runner.py:90} INFO - Running: ['***', 'tasks', 'run', 'hello_world', 'hello_dag', 'manual__2026-02-11T18:02:46.105709+00:00', '--job-id', '43', '--raw', '--subdir', 'DAGS_FOLDER/test_dag.py', '--cfg-path', '/tmp/tmp3xgfv3ht']
[2026-02-11T18:02:47.786+0000] {standard_task_runner.py:64} INFO - Started process 356 to run task
[2026-02-11T18:02:47.787+0000] {standard_task_runner.py:91} INFO - Job 43: Subtask hello_dag
[2026-02-11T18:02:47.900+0000] {task_command.py:426} INFO - Running <TaskInstance: hello_world.hello_dag manual__2026-02-11T18:02:46.105709+00:00 [running]> on host 9e88ae62786e
[2026-02-11T18:02:48.092+0000] {taskinstance.py:2648} INFO - Exporting env vars: AIRFLOW_CTX_DAG_OWNER='ramikhaylov' AIRFLOW_CTX_DAG_ID='hello_world' AIRFLOW_CTX_TASK_ID='hello_dag' AIRFLOW_CTX_EXECUTION_DATE='2026-02-11T18:02:46.105709+00:00' AIRFLOW_CTX_TRY_NUMBER='1' AIRFLOW_CTX_DAG_RUN_ID='manual__2026-02-11T18:02:46.105709+00:00'
[2026-02-11T18:02:48.094+0000] {taskinstance.py:430} INFO - ::endgroup::
[2026-02-11T18:02:48.153+0000] {subprocess.py:63} INFO - Tmp dir root location: /tmp
[2026-02-11T18:02:48.155+0000] {subprocess.py:75} INFO - Running command: ['/usr/bin/bash', '-c', 'echo "Hello world. Дата запуска {ds}"']
[2026-02-11T18:02:48.178+0000] {subprocess.py:86} INFO - Output:
[2026-02-11T18:02:48.182+0000] {subprocess.py:93} INFO - Hello world. Дата запуска {ds}
[2026-02-11T18:02:48.183+0000] {subprocess.py:97} INFO - Command exited with return code 0
[2026-02-11T18:02:48.185+0000] {taskinstance.py:441} INFO - ::group::Post task execution logs
[2026-02-11T18:02:48.248+0000] {taskinstance.py:1206} INFO - Marking task as SUCCESS. dag_id=hello_world, task_id=hello_dag, run_id=manual__2026-02-11T18:02:46.105709+00:00, execution_date=20260211T180246, start_date=20260211T180247, end_date=20260211T180248
[2026-02-11T18:02:48.284+0000] {local_task_job_runner.py:243} INFO - Task exited with return code 0
[2026-02-11T18:02:48.309+0000] {taskinstance.py:3503} INFO - 0 downstream tasks scheduled from follow-on schedule check
[2026-02-11T18:02:48.314+0000] {local_task_job_runner.py:222} INFO - ::endgroup::
