[2026-02-13T12:13:19.678+0000] {local_task_job_runner.py:120} INFO - ::group::Pre task execution logs
[2026-02-13T12:13:19.718+0000] {taskinstance.py:2076} INFO - Dependencies all met for dep_context=non-requeueable deps ti=<TaskInstance: my_first_dag.task_1 manual__2026-02-13T12:13:17.716449+00:00 [queued]>
[2026-02-13T12:13:19.729+0000] {taskinstance.py:2076} INFO - Dependencies all met for dep_context=requeueable deps ti=<TaskInstance: my_first_dag.task_1 manual__2026-02-13T12:13:17.716449+00:00 [queued]>
[2026-02-13T12:13:19.753+0000] {taskinstance.py:2306} INFO - Starting attempt 1 of 1
[2026-02-13T12:13:19.773+0000] {taskinstance.py:2330} INFO - Executing <Task(PythonOperator): task_1> on 2026-02-13 12:13:17.716449+00:00
[2026-02-13T12:13:19.792+0000] {logging_mixin.py:188} WARNING - /home/***/.local/lib/python3.12/site-packages/***/task/task_runner/standard_task_runner.py:62 DeprecationWarning: This process (pid=4810) is multi-threaded, use of fork() may lead to deadlocks in the child.
[2026-02-13T12:13:19.794+0000] {standard_task_runner.py:64} INFO - Started process 4814 to run task
[2026-02-13T12:13:19.791+0000] {standard_task_runner.py:90} INFO - Running: ['***', 'tasks', 'run', 'my_first_dag', 'task_1', 'manual__2026-02-13T12:13:17.716449+00:00', '--job-id', '97', '--raw', '--subdir', 'DAGS_FOLDER/first_dag.py', '--cfg-path', '/tmp/tmprs_h68kp']
[2026-02-13T12:13:19.797+0000] {standard_task_runner.py:91} INFO - Job 97: Subtask task_1
[2026-02-13T12:13:19.889+0000] {task_command.py:426} INFO - Running <TaskInstance: my_first_dag.task_1 manual__2026-02-13T12:13:17.716449+00:00 [running]> on host 50f0b91de738
[2026-02-13T12:13:20.078+0000] {taskinstance.py:2648} INFO - Exporting env vars: AIRFLOW_CTX_DAG_OWNER='***' AIRFLOW_CTX_DAG_ID='my_first_dag' AIRFLOW_CTX_TASK_ID='task_1' AIRFLOW_CTX_EXECUTION_DATE='2026-02-13T12:13:17.716449+00:00' AIRFLOW_CTX_TRY_NUMBER='1' AIRFLOW_CTX_DAG_RUN_ID='manual__2026-02-13T12:13:17.716449+00:00'
[2026-02-13T12:13:20.080+0000] {taskinstance.py:430} INFO - ::endgroup::
[2026-02-13T12:13:20.098+0000] {logging_mixin.py:188} WARNING - /opt/***/dags/first_dag.py:10 FutureWarning: YF.download() has changed argument auto_adjust default to True
[2026-02-13T12:13:20.105+0000] {cache.py:132} INFO - Failed to create TzCache, reason: Error creating TzCache folder: '/home/***/.cache/py-yfinance' reason: [Errno 17] File exists: '/home/***/.cache/py-yfinance'. TzCache will not be used. Tip: You can direct cache to use a different location with 'set_tz_cache_location(mylocation)'
[2026-02-13T12:13:21.606+0000] {logging_mixin.py:188} WARNING - /home/***/.local/lib/python3.12/site-packages/yfinance/scrapers/history.py:204 Pandas4Warning: Timestamp.utcnow is deprecated and will be removed in a future version. Use Timestamp.now('UTC') instead.
[2026-02-13T12:13:21.910+0000] {logging_mixin.py:188} WARNING - [*********************100%***********************]  1 of 1 completed
[2026-02-13T12:13:21.935+0000] {logging_mixin.py:188} INFO - Сохранено 20 записей в data.json
[2026-02-13T12:13:21.936+0000] {python.py:237} INFO - Done. Returned value was: data.json
[2026-02-13T12:13:21.937+0000] {taskinstance.py:441} INFO - ::group::Post task execution logs
[2026-02-13T12:13:21.983+0000] {taskinstance.py:1206} INFO - Marking task as SUCCESS. dag_id=my_first_dag, task_id=task_1, run_id=manual__2026-02-13T12:13:17.716449+00:00, execution_date=20260213T121317, start_date=20260213T121319, end_date=20260213T121321
[2026-02-13T12:13:22.060+0000] {local_task_job_runner.py:243} INFO - Task exited with return code 0
[2026-02-13T12:13:22.082+0000] {taskinstance.py:3503} INFO - 0 downstream tasks scheduled from follow-on schedule check
[2026-02-13T12:13:22.086+0000] {local_task_job_runner.py:222} INFO - ::endgroup::
