[2026-02-11T13:02:33.991+0000] {local_task_job_runner.py:120} INFO - ::group::Pre task execution logs
[2026-02-11T13:02:34.031+0000] {taskinstance.py:2076} INFO - Dependencies all met for dep_context=non-requeueable deps ti=<TaskInstance: my_first_dag.task_1 scheduled__2026-02-10T00:00:00+00:00 [queued]>
[2026-02-11T13:02:34.041+0000] {taskinstance.py:2076} INFO - Dependencies all met for dep_context=requeueable deps ti=<TaskInstance: my_first_dag.task_1 scheduled__2026-02-10T00:00:00+00:00 [queued]>
[2026-02-11T13:02:34.042+0000] {taskinstance.py:2306} INFO - Starting attempt 1 of 1
[2026-02-11T13:02:34.058+0000] {taskinstance.py:2330} INFO - Executing <Task(PythonOperator): task_1> on 2026-02-10 00:00:00+00:00
[2026-02-11T13:02:34.073+0000] {logging_mixin.py:188} WARNING - /home/***/.local/lib/python3.12/site-packages/***/task/task_runner/standard_task_runner.py:62 DeprecationWarning: This process (pid=190) is multi-threaded, use of fork() may lead to deadlocks in the child.
[2026-02-11T13:02:34.076+0000] {standard_task_runner.py:64} INFO - Started process 201 to run task
[2026-02-11T13:02:34.073+0000] {standard_task_runner.py:90} INFO - Running: ['***', 'tasks', 'run', 'my_first_dag', 'task_1', 'scheduled__2026-02-10T00:00:00+00:00', '--job-id', '40', '--raw', '--subdir', 'DAGS_FOLDER/first_dag.py', '--cfg-path', '/tmp/tmpkvcr_ozp']
[2026-02-11T13:02:34.077+0000] {standard_task_runner.py:91} INFO - Job 40: Subtask task_1
[2026-02-11T13:02:34.172+0000] {task_command.py:426} INFO - Running <TaskInstance: my_first_dag.task_1 scheduled__2026-02-10T00:00:00+00:00 [running]> on host dedfa4ec5bbc
[2026-02-11T13:02:34.290+0000] {taskinstance.py:2648} INFO - Exporting env vars: AIRFLOW_CTX_DAG_OWNER='***' AIRFLOW_CTX_DAG_ID='my_first_dag' AIRFLOW_CTX_TASK_ID='task_1' AIRFLOW_CTX_EXECUTION_DATE='2026-02-10T00:00:00+00:00' AIRFLOW_CTX_TRY_NUMBER='1' AIRFLOW_CTX_DAG_RUN_ID='scheduled__2026-02-10T00:00:00+00:00'
[2026-02-11T13:02:34.291+0000] {taskinstance.py:430} INFO - ::endgroup::
[2026-02-11T13:02:34.315+0000] {logging_mixin.py:188} WARNING - /opt/***/dags/first_dag.py:10 FutureWarning: YF.download() has changed argument auto_adjust default to True
[2026-02-11T13:02:34.331+0000] {logging_mixin.py:188} WARNING - /home/***/.local/lib/python3.12/site-packages/yfinance/scrapers/history.py:204 Pandas4Warning: Timestamp.utcnow is deprecated and will be removed in a future version. Use Timestamp.now('UTC') instead.
[2026-02-11T13:02:35.235+0000] {logging_mixin.py:188} WARNING - [*********************100%***********************]  1 of 1 completed
[2026-02-11T13:02:35.260+0000] {logging_mixin.py:188} INFO - Сохранено 20 записей в data.json
[2026-02-11T13:02:35.261+0000] {python.py:237} INFO - Done. Returned value was: data.json
[2026-02-11T13:02:35.262+0000] {taskinstance.py:441} INFO - ::group::Post task execution logs
[2026-02-11T13:02:35.292+0000] {taskinstance.py:1206} INFO - Marking task as SUCCESS. dag_id=my_first_dag, task_id=task_1, run_id=scheduled__2026-02-10T00:00:00+00:00, execution_date=20260210T000000, start_date=20260211T130234, end_date=20260211T130235
[2026-02-11T13:02:35.336+0000] {local_task_job_runner.py:243} INFO - Task exited with return code 0
[2026-02-11T13:02:35.357+0000] {taskinstance.py:3503} INFO - 0 downstream tasks scheduled from follow-on schedule check
[2026-02-11T13:02:35.369+0000] {local_task_job_runner.py:222} INFO - ::endgroup::
