[2026-02-13T12:11:19.699+0000] {local_task_job_runner.py:120} INFO - ::group::Pre task execution logs
[2026-02-13T12:11:19.775+0000] {taskinstance.py:2076} INFO - Dependencies all met for dep_context=non-requeueable deps ti=<TaskInstance: extract_api.extract_and_split manual__2026-02-12T13:30:22.239044+00:00 [queued]>
[2026-02-13T12:11:19.793+0000] {taskinstance.py:2076} INFO - Dependencies all met for dep_context=requeueable deps ti=<TaskInstance: extract_api.extract_and_split manual__2026-02-12T13:30:22.239044+00:00 [queued]>
[2026-02-13T12:11:19.795+0000] {taskinstance.py:2306} INFO - Starting attempt 2 of 2
[2026-02-13T12:11:19.818+0000] {taskinstance.py:2330} INFO - Executing <Task(PythonOperator): extract_and_split> on 2026-02-12 13:30:22.239044+00:00
[2026-02-13T12:11:19.829+0000] {logging_mixin.py:188} WARNING - /home/***/.local/lib/python3.12/site-packages/***/task/task_runner/standard_task_runner.py:62 DeprecationWarning: This process (pid=4654) is multi-threaded, use of fork() may lead to deadlocks in the child.
[2026-02-13T12:11:19.832+0000] {standard_task_runner.py:64} INFO - Started process 4664 to run task
[2026-02-13T12:11:19.830+0000] {standard_task_runner.py:90} INFO - Running: ['***', 'tasks', 'run', 'extract_api', 'extract_and_split', 'manual__2026-02-12T13:30:22.239044+00:00', '--job-id', '82', '--raw', '--subdir', 'DAGS_FOLDER/extract_api.py', '--cfg-path', '/tmp/tmpyfa7wrod']
[2026-02-13T12:11:19.833+0000] {standard_task_runner.py:91} INFO - Job 82: Subtask extract_and_split
[2026-02-13T12:11:19.927+0000] {task_command.py:426} INFO - Running <TaskInstance: extract_api.extract_and_split manual__2026-02-12T13:30:22.239044+00:00 [running]> on host 50f0b91de738
[2026-02-13T12:11:20.093+0000] {taskinstance.py:2648} INFO - Exporting env vars: AIRFLOW_CTX_DAG_OWNER='***' AIRFLOW_CTX_DAG_ID='extract_api' AIRFLOW_CTX_TASK_ID='extract_and_split' AIRFLOW_CTX_EXECUTION_DATE='2026-02-12T13:30:22.239044+00:00' AIRFLOW_CTX_TRY_NUMBER='2' AIRFLOW_CTX_DAG_RUN_ID='manual__2026-02-12T13:30:22.239044+00:00'
[2026-02-13T12:11:20.094+0000] {taskinstance.py:430} INFO - ::endgroup::
[2026-02-13T12:11:20.436+0000] {logging_mixin.py:188} INFO - Создан файл /opt/***/dags/data/api_data/data_part_1.json с 60 строками
[2026-02-13T12:11:20.442+0000] {logging_mixin.py:188} INFO - Создан файл /opt/***/dags/data/api_data/data_part_2.json с 40 строками
[2026-02-13T12:11:20.445+0000] {python.py:237} INFO - Done. Returned value was: None
[2026-02-13T12:11:20.447+0000] {taskinstance.py:441} INFO - ::group::Post task execution logs
[2026-02-13T12:11:20.468+0000] {taskinstance.py:1206} INFO - Marking task as SUCCESS. dag_id=extract_api, task_id=extract_and_split, run_id=manual__2026-02-12T13:30:22.239044+00:00, execution_date=20260212T133022, start_date=20260213T121119, end_date=20260213T121120
[2026-02-13T12:11:20.531+0000] {local_task_job_runner.py:243} INFO - Task exited with return code 0
[2026-02-13T12:11:20.578+0000] {taskinstance.py:3503} INFO - 3 downstream tasks scheduled from follow-on schedule check
[2026-02-13T12:11:20.604+0000] {local_task_job_runner.py:222} INFO - ::endgroup::
