[2026-02-15T08:14:29.942+0000] {local_task_job_runner.py:120} INFO - ::group::Pre task execution logs
[2026-02-15T08:14:29.984+0000] {taskinstance.py:2076} INFO - Dependencies all met for dep_context=non-requeueable deps ti=<TaskInstance: my_first_dag.get_date manual__2026-02-15T08:11:50.514267+00:00 [queued]>
[2026-02-15T08:14:30.001+0000] {taskinstance.py:2076} INFO - Dependencies all met for dep_context=requeueable deps ti=<TaskInstance: my_first_dag.get_date manual__2026-02-15T08:11:50.514267+00:00 [queued]>
[2026-02-15T08:14:30.003+0000] {taskinstance.py:2306} INFO - Starting attempt 2 of 2
[2026-02-15T08:14:30.024+0000] {taskinstance.py:2330} INFO - Executing <Task(PythonOperator): get_date> on 2026-02-15 08:11:50.514267+00:00
[2026-02-15T08:14:30.039+0000] {logging_mixin.py:188} WARNING - /home/***/.local/lib/python3.12/site-packages/***/task/task_runner/standard_task_runner.py:62 DeprecationWarning: This process (pid=14596) is multi-threaded, use of fork() may lead to deadlocks in the child.
[2026-02-15T08:14:30.041+0000] {standard_task_runner.py:64} INFO - Started process 14598 to run task
[2026-02-15T08:14:30.039+0000] {standard_task_runner.py:90} INFO - Running: ['***', 'tasks', 'run', 'my_first_dag', 'get_date', 'manual__2026-02-15T08:11:50.514267+00:00', '--job-id', '103', '--raw', '--subdir', 'DAGS_FOLDER/first_dag.py', '--cfg-path', '/tmp/tmp7rn94plb']
[2026-02-15T08:14:30.042+0000] {standard_task_runner.py:91} INFO - Job 103: Subtask get_date
[2026-02-15T08:14:30.141+0000] {task_command.py:426} INFO - Running <TaskInstance: my_first_dag.get_date manual__2026-02-15T08:11:50.514267+00:00 [running]> on host 50f0b91de738
[2026-02-15T08:14:30.259+0000] {taskinstance.py:2648} INFO - Exporting env vars: AIRFLOW_CTX_DAG_OWNER='***' AIRFLOW_CTX_DAG_ID='my_first_dag' AIRFLOW_CTX_TASK_ID='get_date' AIRFLOW_CTX_EXECUTION_DATE='2026-02-15T08:11:50.514267+00:00' AIRFLOW_CTX_TRY_NUMBER='2' AIRFLOW_CTX_DAG_RUN_ID='manual__2026-02-15T08:11:50.514267+00:00'
[2026-02-15T08:14:30.263+0000] {taskinstance.py:430} INFO - ::endgroup::
[2026-02-15T08:14:30.280+0000] {logging_mixin.py:188} WARNING - /opt/***/dags/first_dag.py:15 FutureWarning: YF.download() has changed argument auto_adjust default to True
[2026-02-15T08:14:30.293+0000] {logging_mixin.py:188} WARNING - /home/***/.local/lib/python3.12/site-packages/yfinance/scrapers/history.py:204 Pandas4Warning: Timestamp.utcnow is deprecated and will be removed in a future version. Use Timestamp.now('UTC') instead.
[2026-02-15T08:14:31.214+0000] {logging_mixin.py:188} WARNING - [*********************100%***********************]  1 of 1 completed
[2026-02-15T08:14:31.236+0000] {first_dag.py:24} INFO - Сохранено 20 записей для AAPL в data.json
[2026-02-15T08:14:31.237+0000] {python.py:237} INFO - Done. Returned value was: data.json
[2026-02-15T08:14:31.238+0000] {taskinstance.py:441} INFO - ::group::Post task execution logs
[2026-02-15T08:14:31.279+0000] {taskinstance.py:1206} INFO - Marking task as SUCCESS. dag_id=my_first_dag, task_id=get_date, run_id=manual__2026-02-15T08:11:50.514267+00:00, execution_date=20260215T081150, start_date=20260215T081429, end_date=20260215T081431
[2026-02-15T08:14:31.341+0000] {local_task_job_runner.py:243} INFO - Task exited with return code 0
[2026-02-15T08:14:31.377+0000] {taskinstance.py:3503} INFO - 1 downstream tasks scheduled from follow-on schedule check
[2026-02-15T08:14:31.384+0000] {local_task_job_runner.py:222} INFO - ::endgroup::
