[2026-02-15T08:11:52.459+0000] {local_task_job_runner.py:120} INFO - ::group::Pre task execution logs
[2026-02-15T08:11:52.507+0000] {taskinstance.py:2076} INFO - Dependencies all met for dep_context=non-requeueable deps ti=<TaskInstance: my_first_dag.get_date manual__2026-02-15T08:11:50.514267+00:00 [queued]>
[2026-02-15T08:11:52.521+0000] {taskinstance.py:2076} INFO - Dependencies all met for dep_context=requeueable deps ti=<TaskInstance: my_first_dag.get_date manual__2026-02-15T08:11:50.514267+00:00 [queued]>
[2026-02-15T08:11:52.523+0000] {taskinstance.py:2306} INFO - Starting attempt 1 of 1
[2026-02-15T08:11:52.540+0000] {taskinstance.py:2330} INFO - Executing <Task(PythonOperator): get_date> on 2026-02-15 08:11:50.514267+00:00
[2026-02-15T08:11:52.556+0000] {logging_mixin.py:188} WARNING - /home/***/.local/lib/python3.12/site-packages/***/task/task_runner/standard_task_runner.py:62 DeprecationWarning: This process (pid=14442) is multi-threaded, use of fork() may lead to deadlocks in the child.
[2026-02-15T08:11:52.558+0000] {standard_task_runner.py:64} INFO - Started process 14444 to run task
[2026-02-15T08:11:52.556+0000] {standard_task_runner.py:90} INFO - Running: ['***', 'tasks', 'run', 'my_first_dag', 'get_date', 'manual__2026-02-15T08:11:50.514267+00:00', '--job-id', '101', '--raw', '--subdir', 'DAGS_FOLDER/first_dag.py', '--cfg-path', '/tmp/tmp5n8ps3qn']
[2026-02-15T08:11:52.559+0000] {standard_task_runner.py:91} INFO - Job 101: Subtask get_date
[2026-02-15T08:11:52.650+0000] {task_command.py:426} INFO - Running <TaskInstance: my_first_dag.get_date manual__2026-02-15T08:11:50.514267+00:00 [running]> on host 50f0b91de738
[2026-02-15T08:11:52.772+0000] {taskinstance.py:2648} INFO - Exporting env vars: AIRFLOW_CTX_DAG_OWNER='***' AIRFLOW_CTX_DAG_ID='my_first_dag' AIRFLOW_CTX_TASK_ID='get_date' AIRFLOW_CTX_EXECUTION_DATE='2026-02-15T08:11:50.514267+00:00' AIRFLOW_CTX_TRY_NUMBER='1' AIRFLOW_CTX_DAG_RUN_ID='manual__2026-02-15T08:11:50.514267+00:00'
[2026-02-15T08:11:52.774+0000] {taskinstance.py:430} INFO - ::endgroup::
[2026-02-15T08:11:52.795+0000] {logging_mixin.py:188} WARNING - /opt/***/dags/first_dag.py:15 FutureWarning: YF.download() has changed argument auto_adjust default to True
[2026-02-15T08:11:52.822+0000] {logging_mixin.py:188} WARNING - /home/***/.local/lib/python3.12/site-packages/yfinance/scrapers/history.py:204 Pandas4Warning: Timestamp.utcnow is deprecated and will be removed in a future version. Use Timestamp.now('UTC') instead.
[2026-02-15T08:11:53.785+0000] {logging_mixin.py:188} WARNING - [*********************100%***********************]  1 of 1 completed
[2026-02-15T08:11:53.816+0000] {first_dag.py:24} INFO - Сохранено 20 записей для AAPL в data.json
[2026-02-15T08:11:53.817+0000] {python.py:237} INFO - Done. Returned value was: data.json
[2026-02-15T08:11:53.818+0000] {taskinstance.py:441} INFO - ::group::Post task execution logs
[2026-02-15T08:11:53.855+0000] {taskinstance.py:1206} INFO - Marking task as SUCCESS. dag_id=my_first_dag, task_id=get_date, run_id=manual__2026-02-15T08:11:50.514267+00:00, execution_date=20260215T081150, start_date=20260215T081152, end_date=20260215T081153
[2026-02-15T08:11:53.899+0000] {local_task_job_runner.py:243} INFO - Task exited with return code 0
[2026-02-15T08:11:53.928+0000] {taskinstance.py:3503} INFO - 1 downstream tasks scheduled from follow-on schedule check
[2026-02-15T08:11:53.931+0000] {local_task_job_runner.py:222} INFO - ::endgroup::
