[2026-02-12T13:32:39.017+0000] {local_task_job_runner.py:120} INFO - ::group::Pre task execution logs
[2026-02-12T13:32:39.062+0000] {taskinstance.py:2076} INFO - Dependencies all met for dep_context=non-requeueable deps ti=<TaskInstance: extract_api.extract_and_split manual__2026-02-12T13:32:36.711191+00:00 [queued]>
[2026-02-12T13:32:39.070+0000] {taskinstance.py:2076} INFO - Dependencies all met for dep_context=requeueable deps ti=<TaskInstance: extract_api.extract_and_split manual__2026-02-12T13:32:36.711191+00:00 [queued]>
[2026-02-12T13:32:39.072+0000] {taskinstance.py:2306} INFO - Starting attempt 1 of 1
[2026-02-12T13:32:39.085+0000] {taskinstance.py:2330} INFO - Executing <Task(PythonOperator): extract_and_split> on 2026-02-12 13:32:36.711191+00:00
[2026-02-12T13:32:39.095+0000] {logging_mixin.py:188} WARNING - /home/***/.local/lib/python3.12/site-packages/***/task/task_runner/standard_task_runner.py:62 DeprecationWarning: This process (pid=1556) is multi-threaded, use of fork() may lead to deadlocks in the child.
[2026-02-12T13:32:39.095+0000] {standard_task_runner.py:90} INFO - Running: ['***', 'tasks', 'run', 'extract_api', 'extract_and_split', 'manual__2026-02-12T13:32:36.711191+00:00', '--job-id', '59', '--raw', '--subdir', 'DAGS_FOLDER/extract_api.py', '--cfg-path', '/tmp/tmp2paeaulh']
[2026-02-12T13:32:39.098+0000] {standard_task_runner.py:64} INFO - Started process 1557 to run task
[2026-02-12T13:32:39.098+0000] {standard_task_runner.py:91} INFO - Job 59: Subtask extract_and_split
[2026-02-12T13:32:39.185+0000] {task_command.py:426} INFO - Running <TaskInstance: extract_api.extract_and_split manual__2026-02-12T13:32:36.711191+00:00 [running]> on host 8460ca753ff4
[2026-02-12T13:32:39.289+0000] {taskinstance.py:2648} INFO - Exporting env vars: AIRFLOW_CTX_DAG_OWNER='***' AIRFLOW_CTX_DAG_ID='extract_api' AIRFLOW_CTX_TASK_ID='extract_and_split' AIRFLOW_CTX_EXECUTION_DATE='2026-02-12T13:32:36.711191+00:00' AIRFLOW_CTX_TRY_NUMBER='1' AIRFLOW_CTX_DAG_RUN_ID='manual__2026-02-12T13:32:36.711191+00:00'
[2026-02-12T13:32:39.292+0000] {taskinstance.py:430} INFO - ::endgroup::
[2026-02-12T13:32:39.551+0000] {logging_mixin.py:188} INFO - Создан файл /opt/***/dags/data/api_data/data_part_1.json с 60 строками
[2026-02-12T13:32:39.555+0000] {logging_mixin.py:188} INFO - Создан файл /opt/***/dags/data/api_data/data_part_2.json с 40 строками
[2026-02-12T13:32:39.559+0000] {python.py:237} INFO - Done. Returned value was: None
[2026-02-12T13:32:39.561+0000] {taskinstance.py:441} INFO - ::group::Post task execution logs
[2026-02-12T13:32:39.573+0000] {taskinstance.py:1206} INFO - Marking task as SUCCESS. dag_id=extract_api, task_id=extract_and_split, run_id=manual__2026-02-12T13:32:36.711191+00:00, execution_date=20260212T133236, start_date=20260212T133239, end_date=20260212T133239
[2026-02-12T13:32:39.637+0000] {local_task_job_runner.py:243} INFO - Task exited with return code 0
[2026-02-12T13:32:39.664+0000] {taskinstance.py:3503} INFO - 3 downstream tasks scheduled from follow-on schedule check
[2026-02-12T13:32:39.667+0000] {local_task_job_runner.py:222} INFO - ::endgroup::
