[2026-02-11T18:10:32.246+0000] {local_task_job_runner.py:120} INFO - ::group::Pre task execution logs
[2026-02-11T18:10:32.299+0000] {taskinstance.py:2076} INFO - Dependencies all met for dep_context=non-requeueable deps ti=<TaskInstance: hello_world.hello_dag manual__2026-02-11T18:10:31.297105+00:00 [queued]>
[2026-02-11T18:10:32.311+0000] {taskinstance.py:2076} INFO - Dependencies all met for dep_context=requeueable deps ti=<TaskInstance: hello_world.hello_dag manual__2026-02-11T18:10:31.297105+00:00 [queued]>
[2026-02-11T18:10:32.334+0000] {taskinstance.py:2306} INFO - Starting attempt 1 of 2
[2026-02-11T18:10:32.354+0000] {taskinstance.py:2330} INFO - Executing <Task(BashOperator): hello_dag> on 2026-02-11 18:10:31.297105+00:00
[2026-02-11T18:10:32.367+0000] {logging_mixin.py:188} WARNING - /home/***/.local/lib/python3.12/site-packages/***/task/task_runner/standard_task_runner.py:62 DeprecationWarning: This process (pid=703) is multi-threaded, use of fork() may lead to deadlocks in the child.
[2026-02-11T18:10:32.367+0000] {standard_task_runner.py:90} INFO - Running: ['***', 'tasks', 'run', 'hello_world', 'hello_dag', 'manual__2026-02-11T18:10:31.297105+00:00', '--job-id', '44', '--raw', '--subdir', 'DAGS_FOLDER/test_dag.py', '--cfg-path', '/tmp/tmpcq4agk8q']
[2026-02-11T18:10:32.370+0000] {standard_task_runner.py:64} INFO - Started process 704 to run task
[2026-02-11T18:10:32.370+0000] {standard_task_runner.py:91} INFO - Job 44: Subtask hello_dag
[2026-02-11T18:10:32.470+0000] {task_command.py:426} INFO - Running <TaskInstance: hello_world.hello_dag manual__2026-02-11T18:10:31.297105+00:00 [running]> on host 9e88ae62786e
[2026-02-11T18:10:32.665+0000] {taskinstance.py:2648} INFO - Exporting env vars: AIRFLOW_CTX_DAG_OWNER='ramikhaylov' AIRFLOW_CTX_DAG_ID='hello_world' AIRFLOW_CTX_TASK_ID='hello_dag' AIRFLOW_CTX_EXECUTION_DATE='2026-02-11T18:10:31.297105+00:00' AIRFLOW_CTX_TRY_NUMBER='1' AIRFLOW_CTX_DAG_RUN_ID='manual__2026-02-11T18:10:31.297105+00:00'
[2026-02-11T18:10:32.667+0000] {taskinstance.py:430} INFO - ::endgroup::
[2026-02-11T18:10:32.688+0000] {subprocess.py:63} INFO - Tmp dir root location: /tmp
[2026-02-11T18:10:32.690+0000] {subprocess.py:75} INFO - Running command: ['/usr/bin/bash', '-c', 'echo "Hello world. Дата запуска { ds }"']
[2026-02-11T18:10:32.709+0000] {subprocess.py:86} INFO - Output:
[2026-02-11T18:10:32.713+0000] {subprocess.py:93} INFO - Hello world. Дата запуска { ds }
[2026-02-11T18:10:32.714+0000] {subprocess.py:97} INFO - Command exited with return code 0
[2026-02-11T18:10:32.715+0000] {taskinstance.py:441} INFO - ::group::Post task execution logs
[2026-02-11T18:10:32.774+0000] {taskinstance.py:1206} INFO - Marking task as SUCCESS. dag_id=hello_world, task_id=hello_dag, run_id=manual__2026-02-11T18:10:31.297105+00:00, execution_date=20260211T181031, start_date=20260211T181032, end_date=20260211T181032
[2026-02-11T18:10:32.828+0000] {local_task_job_runner.py:243} INFO - Task exited with return code 0
[2026-02-11T18:10:32.853+0000] {taskinstance.py:3503} INFO - 0 downstream tasks scheduled from follow-on schedule check
[2026-02-11T18:10:32.880+0000] {local_task_job_runner.py:222} INFO - ::endgroup::
