[2026-02-11T18:15:59.333+0000] {local_task_job_runner.py:120} INFO - ::group::Pre task execution logs
[2026-02-11T18:15:59.393+0000] {taskinstance.py:2076} INFO - Dependencies all met for dep_context=non-requeueable deps ti=<TaskInstance: hello_world.hello_dag manual__2026-02-11T18:15:58.127031+00:00 [queued]>
[2026-02-11T18:15:59.405+0000] {taskinstance.py:2076} INFO - Dependencies all met for dep_context=requeueable deps ti=<TaskInstance: hello_world.hello_dag manual__2026-02-11T18:15:58.127031+00:00 [queued]>
[2026-02-11T18:15:59.429+0000] {taskinstance.py:2306} INFO - Starting attempt 1 of 2
[2026-02-11T18:15:59.452+0000] {taskinstance.py:2330} INFO - Executing <Task(BashOperator): hello_dag> on 2026-02-11 18:15:58.127031+00:00
[2026-02-11T18:15:59.467+0000] {logging_mixin.py:188} WARNING - /home/***/.local/lib/python3.12/site-packages/***/task/task_runner/standard_task_runner.py:62 DeprecationWarning: This process (pid=956) is multi-threaded, use of fork() may lead to deadlocks in the child.
[2026-02-11T18:15:59.469+0000] {standard_task_runner.py:64} INFO - Started process 957 to run task
[2026-02-11T18:15:59.467+0000] {standard_task_runner.py:90} INFO - Running: ['***', 'tasks', 'run', 'hello_world', 'hello_dag', 'manual__2026-02-11T18:15:58.127031+00:00', '--job-id', '46', '--raw', '--subdir', 'DAGS_FOLDER/test_dag.py', '--cfg-path', '/tmp/tmpk3ptaej_']
[2026-02-11T18:15:59.470+0000] {standard_task_runner.py:91} INFO - Job 46: Subtask hello_dag
[2026-02-11T18:15:59.578+0000] {task_command.py:426} INFO - Running <TaskInstance: hello_world.hello_dag manual__2026-02-11T18:15:58.127031+00:00 [running]> on host 9e88ae62786e
[2026-02-11T18:15:59.766+0000] {taskinstance.py:2648} INFO - Exporting env vars: AIRFLOW_CTX_DAG_OWNER='ramikhaylov' AIRFLOW_CTX_DAG_ID='hello_world' AIRFLOW_CTX_TASK_ID='hello_dag' AIRFLOW_CTX_EXECUTION_DATE='2026-02-11T18:15:58.127031+00:00' AIRFLOW_CTX_TRY_NUMBER='1' AIRFLOW_CTX_DAG_RUN_ID='manual__2026-02-11T18:15:58.127031+00:00'
[2026-02-11T18:15:59.768+0000] {taskinstance.py:430} INFO - ::endgroup::
[2026-02-11T18:15:59.785+0000] {subprocess.py:63} INFO - Tmp dir root location: /tmp
[2026-02-11T18:15:59.788+0000] {subprocess.py:75} INFO - Running command: ['/usr/bin/bash', '-c', 'echo "Hello world. Дата запуска 2026-02-11"']
[2026-02-11T18:15:59.804+0000] {subprocess.py:86} INFO - Output:
[2026-02-11T18:15:59.807+0000] {subprocess.py:93} INFO - Hello world. Дата запуска 2026-02-11
[2026-02-11T18:15:59.808+0000] {subprocess.py:97} INFO - Command exited with return code 0
[2026-02-11T18:15:59.810+0000] {taskinstance.py:441} INFO - ::group::Post task execution logs
[2026-02-11T18:15:59.870+0000] {taskinstance.py:1206} INFO - Marking task as SUCCESS. dag_id=hello_world, task_id=hello_dag, run_id=manual__2026-02-11T18:15:58.127031+00:00, execution_date=20260211T181558, start_date=20260211T181559, end_date=20260211T181559
[2026-02-11T18:15:59.926+0000] {local_task_job_runner.py:243} INFO - Task exited with return code 0
[2026-02-11T18:15:59.955+0000] {taskinstance.py:3503} INFO - 0 downstream tasks scheduled from follow-on schedule check
[2026-02-11T18:15:59.981+0000] {local_task_job_runner.py:222} INFO - ::endgroup::
