[2026-02-13T12:11:22.127+0000] {local_task_job_runner.py:120} INFO - ::group::Pre task execution logs
[2026-02-13T12:11:22.213+0000] {taskinstance.py:2076} INFO - Dependencies all met for dep_context=non-requeueable deps ti=<TaskInstance: extract_api.count_files manual__2026-02-12T13:32:36.711191+00:00 [queued]>
[2026-02-13T12:11:22.234+0000] {taskinstance.py:2076} INFO - Dependencies all met for dep_context=requeueable deps ti=<TaskInstance: extract_api.count_files manual__2026-02-12T13:32:36.711191+00:00 [queued]>
[2026-02-13T12:11:22.258+0000] {taskinstance.py:2306} INFO - Starting attempt 2 of 2
[2026-02-13T12:11:22.289+0000] {taskinstance.py:2330} INFO - Executing <Task(BashOperator): count_files> on 2026-02-12 13:32:36.711191+00:00
[2026-02-13T12:11:22.307+0000] {logging_mixin.py:188} WARNING - /home/***/.local/lib/python3.12/site-packages/***/task/task_runner/standard_task_runner.py:62 DeprecationWarning: This process (pid=4671) is multi-threaded, use of fork() may lead to deadlocks in the child.
[2026-02-13T12:11:22.316+0000] {standard_task_runner.py:64} INFO - Started process 4679 to run task
[2026-02-13T12:11:22.310+0000] {standard_task_runner.py:90} INFO - Running: ['***', 'tasks', 'run', 'extract_api', 'count_files', 'manual__2026-02-12T13:32:36.711191+00:00', '--job-id', '91', '--raw', '--subdir', 'DAGS_FOLDER/extract_api.py', '--cfg-path', '/tmp/tmpoapwg04_']
[2026-02-13T12:11:22.326+0000] {standard_task_runner.py:91} INFO - Job 91: Subtask count_files
[2026-02-13T12:11:22.514+0000] {task_command.py:426} INFO - Running <TaskInstance: extract_api.count_files manual__2026-02-12T13:32:36.711191+00:00 [running]> on host 50f0b91de738
[2026-02-13T12:11:22.783+0000] {taskinstance.py:2648} INFO - Exporting env vars: AIRFLOW_CTX_DAG_OWNER='***' AIRFLOW_CTX_DAG_ID='extract_api' AIRFLOW_CTX_TASK_ID='count_files' AIRFLOW_CTX_EXECUTION_DATE='2026-02-12T13:32:36.711191+00:00' AIRFLOW_CTX_TRY_NUMBER='2' AIRFLOW_CTX_DAG_RUN_ID='manual__2026-02-12T13:32:36.711191+00:00'
[2026-02-13T12:11:22.790+0000] {taskinstance.py:430} INFO - ::endgroup::
[2026-02-13T12:11:22.849+0000] {subprocess.py:63} INFO - Tmp dir root location: /tmp
[2026-02-13T12:11:22.855+0000] {subprocess.py:75} INFO - Running command: ['/usr/bin/bash', '-c', 'ls -l /opt/***/dags/data/api_data | wc -l']
[2026-02-13T12:11:22.920+0000] {subprocess.py:86} INFO - Output:
[2026-02-13T12:11:23.000+0000] {subprocess.py:93} INFO - 3
[2026-02-13T12:11:23.004+0000] {subprocess.py:97} INFO - Command exited with return code 0
[2026-02-13T12:11:23.007+0000] {taskinstance.py:441} INFO - ::group::Post task execution logs
[2026-02-13T12:11:23.081+0000] {taskinstance.py:1206} INFO - Marking task as SUCCESS. dag_id=extract_api, task_id=count_files, run_id=manual__2026-02-12T13:32:36.711191+00:00, execution_date=20260212T133236, start_date=20260213T121122, end_date=20260213T121123
[2026-02-13T12:11:23.210+0000] {local_task_job_runner.py:243} INFO - Task exited with return code 0
[2026-02-13T12:11:23.246+0000] {taskinstance.py:3503} INFO - 0 downstream tasks scheduled from follow-on schedule check
[2026-02-13T12:11:23.250+0000] {local_task_job_runner.py:222} INFO - ::endgroup::
